# JRE version: OpenJDK Runtime Environment (21.0.8) (build 21.0.8+-14196175-b1038.72)
# Java VM: OpenJDK 64-Bit Server VM (21.0.8+-14196175-b1038.72, mixed mode, tiered, compressed oops, compressed class ptrs, g1 gc, windows-amd64)
GC Precious Log:
 CardTable entry size: 512
 Card Set container configuration: InlinePtr #cards 5 size 8 Array Of Cards #cards 12 size 40 Howl #buckets 4 coarsen threshold 1843 Howl Bitmap #cards 512 size 80 coarsen threshold 460 Card regions per heap region 1 cards per card region 2048
 CPUs: 16 total, 16 available
 Memory: 15553M
 Large Page Support: Disabled
 NUMA Support: Disabled
 Compressed Oops: Enabled (32-bit)
 Heap Region Size: 1M
 Heap Min Capacity: 8M
 Heap Initial Capacity: 244M
 Heap Max Capacity: 2G
 Pre-touch: Disabled
 Parallel Workers: 13
 Concurrent Workers: 3
 Concurrent Refinement Workers: 13
 Periodic GC: Disabled
Heap:
 garbage-first heap   total 178176K, used 83269K [0x0000000080000000, 0x0000000100000000)
  region size 1024K, 6 young (6144K), 6 survivors (6144K)
 Metaspace       used 97235K, committed 99072K, reserved 1179648K
  class space    used 13754K, committed 14592K, reserved 1048576K
GC Heap History (20 events):
Event: 3.004 GC heap after
{Heap after GC invocations=13 (full 0):
 garbage-first heap   total 102400K, used 44814K [0x0000000080000000, 0x0000000100000000)
  region size 1024K, 2 young (2048K), 2 survivors (2048K)
 Metaspace       used 58569K, committed 60096K, reserved 1114112K
  class space    used 8112K, committed 8832K, reserved 1048576K
}
Event: 3.290 GC heap before
{Heap before GC invocations=14 (full 0):
 garbage-first heap   total 102400K, used 90894K [0x0000000080000000, 0x0000000100000000)
  region size 1024K, 47 young (48128K), 2 survivors (2048K)
 Metaspace       used 65121K, committed 66752K, reserved 1114112K
  class space    used 9090K, committed 9856K, reserved 1048576K
}
Event: 3.291 GC heap after
{Heap after GC invocations=15 (full 0):
 garbage-first heap   total 122880K, used 47068K [0x0000000080000000, 0x0000000100000000)
  region size 1024K, 5 young (5120K), 5 survivors (5120K)
 Metaspace       used 65121K, committed 66752K, reserved 1114112K
  class space    used 9090K, committed 9856K, reserved 1048576K
}
Event: 3.739 GC heap before
{Heap before GC invocations=15 (full 0):
 garbage-first heap   total 122880K, used 108508K [0x0000000080000000, 0x0000000100000000)
  region size 1024K, 65 young (66560K), 5 survivors (5120K)
 Metaspace       used 72219K, committed 73984K, reserved 1114112K
  class space    used 10221K, committed 11072K, reserved 1048576K
}
Event: 3.742 GC heap after
{Heap after GC invocations=16 (full 0):
 garbage-first heap   total 122880K, used 49276K [0x0000000080000000, 0x0000000100000000)
  region size 1024K, 7 young (7168K), 7 survivors (7168K)
 Metaspace       used 72219K, committed 73984K, reserved 1114112K
  class space    used 10221K, committed 11072K, reserved 1048576K
}
Event: 5.367 GC heap before
{Heap before GC invocations=16 (full 0):
 garbage-first heap   total 122880K, used 107644K [0x0000000080000000, 0x0000000100000000)
  region size 1024K, 65 young (66560K), 7 survivors (7168K)
 Metaspace       used 79527K, committed 81280K, reserved 1179648K
  class space    used 11102K, committed 11904K, reserved 1048576K
}
Event: 5.371 GC heap after
{Heap after GC invocations=17 (full 0):
 garbage-first heap   total 122880K, used 55718K [0x0000000080000000, 0x0000000100000000)
  region size 1024K, 9 young (9216K), 9 survivors (9216K)
 Metaspace       used 79527K, committed 81280K, reserved 1179648K
  class space    used 11102K, committed 11904K, reserved 1048576K
}
Event: 5.451 GC heap before
{Heap before GC invocations=17 (full 0):
 garbage-first heap   total 122880K, used 105894K [0x0000000080000000, 0x0000000100000000)
  region size 1024K, 59 young (60416K), 9 survivors (9216K)
 Metaspace       used 79867K, committed 81600K, reserved 1179648K
  class space    used 11106K, committed 11968K, reserved 1048576K
}
Event: 5.454 GC heap after
{Heap after GC invocations=18 (full 0):
 garbage-first heap   total 122880K, used 58242K [0x0000000080000000, 0x0000000100000000)
  region size 1024K, 4 young (4096K), 4 survivors (4096K)
 Metaspace       used 79867K, committed 81600K, reserved 1179648K
  class space    used 11106K, committed 11968K, reserved 1048576K
}
Event: 5.517 GC heap before
{Heap before GC invocations=19 (full 0):
 garbage-first heap   total 122880K, used 108418K [0x0000000080000000, 0x0000000100000000)
  region size 1024K, 54 young (55296K), 4 survivors (4096K)
 Metaspace       used 79904K, committed 81664K, reserved 1179648K
  class space    used 11106K, committed 11968K, reserved 1048576K
}
Event: 5.519 GC heap after
{Heap after GC invocations=20 (full 0):
 garbage-first heap   total 122880K, used 58725K [0x0000000080000000, 0x0000000100000000)
  region size 1024K, 5 young (5120K), 5 survivors (5120K)
 Metaspace       used 79904K, committed 81664K, reserved 1179648K
  class space    used 11106K, committed 11968K, reserved 1048576K
}
Event: 5.566 GC heap before
{Heap before GC invocations=20 (full 0):
 garbage-first heap   total 122880K, used 108901K [0x0000000080000000, 0x0000000100000000)
  region size 1024K, 55 young (56320K), 5 survivors (5120K)
 Metaspace       used 79906K, committed 81664K, reserved 1179648K
  class space    used 11106K, committed 11968K, reserved 1048576K
}
Event: 5.568 GC heap after
{Heap after GC invocations=21 (full 0):
 garbage-first heap   total 122880K, used 59003K [0x0000000080000000, 0x0000000100000000)
  region size 1024K, 5 young (5120K), 5 survivors (5120K)
 Metaspace       used 79906K, committed 81664K, reserved 1179648K
  class space    used 11106K, committed 11968K, reserved 1048576K
}
Event: 5.868 GC heap before
{Heap before GC invocations=21 (full 0):
 garbage-first heap   total 122880K, used 109179K [0x0000000080000000, 0x0000000100000000)
  region size 1024K, 55 young (56320K), 5 survivors (5120K)
 Metaspace       used 86388K, committed 88128K, reserved 1179648K
  class space    used 12423K, committed 13248K, reserved 1048576K
}
Event: 5.871 GC heap after
{Heap after GC invocations=22 (full 0):
 garbage-first heap   total 122880K, used 62075K [0x0000000080000000, 0x0000000100000000)
  region size 1024K, 7 young (7168K), 7 survivors (7168K)
 Metaspace       used 86388K, committed 88128K, reserved 1179648K
  class space    used 12423K, committed 13248K, reserved 1048576K
}
Event: 6.169 GC heap before
{Heap before GC invocations=23 (full 0):
 garbage-first heap   total 122880K, used 107131K [0x0000000080000000, 0x0000000100000000)
  region size 1024K, 52 young (53248K), 7 survivors (7168K)
 Metaspace       used 93746K, committed 95552K, reserved 1179648K
  class space    used 13365K, committed 14208K, reserved 1048576K
}
Event: 6.171 GC heap after
{Heap after GC invocations=24 (full 0):
 garbage-first heap   total 122880K, used 64548K [0x0000000080000000, 0x0000000100000000)
  region size 1024K, 3 young (3072K), 3 survivors (3072K)
 Metaspace       used 93746K, committed 95552K, reserved 1179648K
  class space    used 13365K, committed 14208K, reserved 1048576K
}
Event: 6.354 GC heap before
{Heap before GC invocations=24 (full 0):
 garbage-first heap   total 122880K, used 118820K [0x0000000080000000, 0x0000000100000000)
  region size 1024K, 49 young (50176K), 3 survivors (3072K)
 Metaspace       used 97218K, committed 99072K, reserved 1179648K
  class space    used 13750K, committed 14592K, reserved 1048576K
}
Event: 6.370 GC heap after
{Heap after GC invocations=25 (full 0):
 garbage-first heap   total 130048K, used 77302K [0x0000000080000000, 0x0000000100000000)
  region size 1024K, 7 young (7168K), 7 survivors (7168K)
 Metaspace       used 97218K, committed 99072K, reserved 1179648K
  class space    used 13750K, committed 14592K, reserved 1048576K
}
Event: 6.390 GC heap before
{Heap before GC invocations=25 (full 0):
 garbage-first heap   total 130048K, used 83446K [0x0000000080000000, 0x0000000100000000)
  region size 1024K, 14 young (14336K), 7 survivors (7168K)
 Metaspace       used 97235K, committed 99072K, reserved 1179648K
  class space    used 13754K, committed 14592K, reserved 1048576K
}

