# JRE version: OpenJDK Runtime Environment (21.0.8) (build 21.0.8+-14196175-b1038.72)
# Java VM: OpenJDK 64-Bit Server VM (21.0.8+-14196175-b1038.72, mixed mode, tiered, compressed oops, compressed class ptrs, g1 gc, windows-amd64)
GC Precious Log:
 CardTable entry size: 512
 Card Set container configuration: InlinePtr #cards 5 size 8 Array Of Cards #cards 12 size 40 Howl #buckets 4 coarsen threshold 1843 Howl Bitmap #cards 512 size 80 coarsen threshold 460 Card regions per heap region 1 cards per card region 2048
 CPUs: 16 total, 16 available
 Memory: 15553M
 Large Page Support: Disabled
 NUMA Support: Disabled
 Compressed Oops: Enabled (32-bit)
 Heap Region Size: 1M
 Heap Min Capacity: 8M
 Heap Initial Capacity: 244M
 Heap Max Capacity: 2G
 Pre-touch: Disabled
 Parallel Workers: 13
 Concurrent Workers: 3
 Concurrent Refinement Workers: 13
 Periodic GC: Disabled
Heap:
 garbage-first heap   total 118784K, used 60662K [0x0000000080000000, 0x0000000100000000)
  region size 1024K, 4 young (4096K), 4 survivors (4096K)
 Metaspace       used 87510K, committed 89280K, reserved 1179648K
  class space    used 12543K, committed 13440K, reserved 1048576K
GC Heap History (20 events):
Event: 2.136 GC heap after
{Heap after GC invocations=12 (full 0):
 garbage-first heap   total 97280K, used 37283K [0x0000000080000000, 0x0000000100000000)
  region size 1024K, 4 young (4096K), 4 survivors (4096K)
 Metaspace       used 54196K, committed 55616K, reserved 1114112K
  class space    used 7543K, committed 8256K, reserved 1048576K
}
Event: 2.350 GC heap before
{Heap before GC invocations=12 (full 0):
 garbage-first heap   total 97280K, used 87459K [0x0000000080000000, 0x0000000100000000)
  region size 1024K, 50 young (51200K), 4 survivors (4096K)
 Metaspace       used 58006K, committed 59456K, reserved 1114112K
  class space    used 8040K, committed 8704K, reserved 1048576K
}
Event: 2.353 GC heap after
{Heap after GC invocations=13 (full 0):
 garbage-first heap   total 98304K, used 44120K [0x0000000080000000, 0x0000000100000000)
  region size 1024K, 7 young (7168K), 7 survivors (7168K)
 Metaspace       used 58006K, committed 59456K, reserved 1114112K
  class space    used 8040K, committed 8704K, reserved 1048576K
}
Event: 2.409 GC heap before
{Heap before GC invocations=13 (full 0):
 garbage-first heap   total 98304K, used 62552K [0x0000000080000000, 0x0000000100000000)
  region size 1024K, 26 young (26624K), 7 survivors (7168K)
 Metaspace       used 58858K, committed 60288K, reserved 1114112K
  class space    used 8183K, committed 8896K, reserved 1048576K
}
Event: 2.411 GC heap after
{Heap after GC invocations=14 (full 0):
 garbage-first heap   total 98304K, used 45751K [0x0000000080000000, 0x0000000100000000)
  region size 1024K, 2 young (2048K), 2 survivors (2048K)
 Metaspace       used 58858K, committed 60288K, reserved 1114112K
  class space    used 8183K, committed 8896K, reserved 1048576K
}
Event: 2.624 GC heap before
{Heap before GC invocations=15 (full 0):
 garbage-first heap   total 98304K, used 87735K [0x0000000080000000, 0x0000000100000000)
  region size 1024K, 43 young (44032K), 2 survivors (2048K)
 Metaspace       used 64966K, committed 66496K, reserved 1114112K
  class space    used 9077K, committed 9792K, reserved 1048576K
}
Event: 2.626 GC heap after
{Heap after GC invocations=16 (full 0):
 garbage-first heap   total 118784K, used 47915K [0x0000000080000000, 0x0000000100000000)
  region size 1024K, 4 young (4096K), 4 survivors (4096K)
 Metaspace       used 64966K, committed 66496K, reserved 1114112K
  class space    used 9077K, committed 9792K, reserved 1048576K
}
Event: 2.945 GC heap before
{Heap before GC invocations=16 (full 0):
 garbage-first heap   total 118784K, used 104235K [0x0000000080000000, 0x0000000100000000)
  region size 1024K, 59 young (60416K), 4 survivors (4096K)
 Metaspace       used 71298K, committed 72960K, reserved 1114112K
  class space    used 10079K, committed 10880K, reserved 1048576K
}
Event: 2.947 GC heap after
{Heap after GC invocations=17 (full 0):
 garbage-first heap   total 118784K, used 49850K [0x0000000080000000, 0x0000000100000000)
  region size 1024K, 7 young (7168K), 7 survivors (7168K)
 Metaspace       used 71298K, committed 72960K, reserved 1114112K
  class space    used 10079K, committed 10880K, reserved 1048576K
}
Event: 3.154 GC heap before
{Heap before GC invocations=17 (full 0):
 garbage-first heap   total 118784K, used 103098K [0x0000000080000000, 0x0000000100000000)
  region size 1024K, 59 young (60416K), 7 survivors (7168K)
 Metaspace       used 72992K, committed 74624K, reserved 1114112K
  class space    used 10243K, committed 11008K, reserved 1048576K
}
Event: 3.158 GC heap after
{Heap after GC invocations=18 (full 0):
 garbage-first heap   total 118784K, used 53952K [0x0000000080000000, 0x0000000100000000)
  region size 1024K, 8 young (8192K), 8 survivors (8192K)
 Metaspace       used 72992K, committed 74624K, reserved 1114112K
  class space    used 10243K, committed 11008K, reserved 1048576K
}
Event: 3.205 GC heap before
{Heap before GC invocations=18 (full 0):
 garbage-first heap   total 118784K, used 102080K [0x0000000080000000, 0x0000000100000000)
  region size 1024K, 56 young (57344K), 8 survivors (8192K)
 Metaspace       used 73245K, committed 74880K, reserved 1114112K
  class space    used 10243K, committed 11008K, reserved 1048576K
}
Event: 3.208 GC heap after
{Heap after GC invocations=19 (full 0):
 garbage-first heap   total 118784K, used 56085K [0x0000000080000000, 0x0000000100000000)
  region size 1024K, 4 young (4096K), 4 survivors (4096K)
 Metaspace       used 73245K, committed 74880K, reserved 1114112K
  class space    used 10243K, committed 11008K, reserved 1048576K
}
Event: 3.249 GC heap before
{Heap before GC invocations=20 (full 0):
 garbage-first heap   total 118784K, used 104213K [0x0000000080000000, 0x0000000100000000)
  region size 1024K, 52 young (53248K), 4 survivors (4096K)
 Metaspace       used 73267K, committed 74880K, reserved 1114112K
  class space    used 10243K, committed 11008K, reserved 1048576K
}
Event: 3.250 GC heap after
{Heap after GC invocations=21 (full 0):
 garbage-first heap   total 118784K, used 56689K [0x0000000080000000, 0x0000000100000000)
  region size 1024K, 5 young (5120K), 5 survivors (5120K)
 Metaspace       used 73267K, committed 74880K, reserved 1114112K
  class space    used 10243K, committed 11008K, reserved 1048576K
}
Event: 3.305 GC heap before
{Heap before GC invocations=21 (full 0):
 garbage-first heap   total 118784K, used 104817K [0x0000000080000000, 0x0000000100000000)
  region size 1024K, 53 young (54272K), 5 survivors (5120K)
 Metaspace       used 73470K, committed 75136K, reserved 1114112K
  class space    used 10276K, committed 11072K, reserved 1048576K
}
Event: 3.307 GC heap after
{Heap after GC invocations=22 (full 0):
 garbage-first heap   total 118784K, used 57280K [0x0000000080000000, 0x0000000100000000)
  region size 1024K, 6 young (6144K), 6 survivors (6144K)
 Metaspace       used 73470K, committed 75136K, reserved 1114112K
  class space    used 10276K, committed 11072K, reserved 1048576K
}
Event: 3.522 GC heap before
{Heap before GC invocations=22 (full 0):
 garbage-first heap   total 118784K, used 103360K [0x0000000080000000, 0x0000000100000000)
  region size 1024K, 52 young (53248K), 6 survivors (6144K)
 Metaspace       used 80386K, committed 82048K, reserved 1179648K
  class space    used 11628K, committed 12416K, reserved 1048576K
}
Event: 3.524 GC heap after
{Heap after GC invocations=23 (full 0):
 garbage-first heap   total 118784K, used 59615K [0x0000000080000000, 0x0000000100000000)
  region size 1024K, 3 young (3072K), 3 survivors (3072K)
 Metaspace       used 80386K, committed 82048K, reserved 1179648K
  class space    used 11628K, committed 12416K, reserved 1048576K
}
Event: 3.737 GC heap before
{Heap before GC invocations=24 (full 0):
 garbage-first heap   total 118784K, used 105695K [0x0000000080000000, 0x0000000100000000)
  region size 1024K, 49 young (50176K), 3 survivors (3072K)
 Metaspace       used 87510K, committed 89280K, reserved 1179648K
  class space    used 12543K, committed 13440K, reserved 1048576K
}

